Train Batch: [0/1770]   Loss 9.1561 (9.1561)    Top 1 Accuracy 0.000 (0.000)    Top 5 Accuracy 0.000 (0.000)
Train Batch: [100/1770] Loss 2.6495 (4.7340)    Top 1 Accuracy 68.750 (65.165)  Top 5 Accuracy 76.151 (68.973)
Train Batch: [200/1770] Loss 2.4241 (3.5368)    Top 1 Accuracy 64.309 (66.599)  Top 5 Accuracy 72.368 (72.783)
Train Batch: [300/1770] Loss 1.6450 (3.0377)    Top 1 Accuracy 77.138 (68.073)  Top 5 Accuracy 81.579 (74.361)
Train Batch: [400/1770] Loss 1.7295 (2.7657)    Top 1 Accuracy 76.151 (69.261)  Top 5 Accuracy 80.921 (75.246)
Train Batch: [500/1770] Loss 1.9445 (2.5874)    Top 1 Accuracy 73.191 (70.148)  Top 5 Accuracy 77.961 (75.960)
Train Batch: [600/1770] Loss 1.6968 (2.4607)    Top 1 Accuracy 76.316 (70.845)  Top 5 Accuracy 81.250 (76.502)
Train Batch: [700/1770] Loss 1.7951 (2.3691)    Top 1 Accuracy 72.368 (71.329)  Top 5 Accuracy 78.947 (76.889)
Train Batch: [800/1770] Loss 1.8072 (2.2961)    Top 1 Accuracy 74.836 (71.761)  Top 5 Accuracy 80.263 (77.252)
Train Batch: [900/1770] Loss 1.7970 (2.2350)    Top 1 Accuracy 74.178 (72.154)  Top 5 Accuracy 79.605 (77.596)
Train Batch: [1000/1770]        Loss 1.7176 (2.1837)    Top 1 Accuracy 75.329 (72.470)  Top 5 Accuracy 81.908 (77.891)
Train Batch: [1100/1770]        Loss 1.7611 (2.1427)    Top 1 Accuracy 74.836 (72.710)  Top 5 Accuracy 81.414 (78.131)
Train Batch: [1200/1770]        Loss 1.8757 (2.1062)    Top 1 Accuracy 73.849 (72.941)  Top 5 Accuracy 79.934 (78.375)
Train Batch: [1300/1770]        Loss 1.7496 (2.0733)    Top 1 Accuracy 74.671 (73.154)  Top 5 Accuracy 80.592 (78.604)
Train Batch: [1400/1770]        Loss 1.5777 (2.0441)    Top 1 Accuracy 76.809 (73.352)  Top 5 Accuracy 84.704 (78.824)
Train Batch: [1500/1770]        Loss 1.7295 (2.0191)    Top 1 Accuracy 75.000 (73.513)  Top 5 Accuracy 80.757 (79.014)
Train Batch: [1600/1770]        Loss 1.4146 (1.9954)    Top 1 Accuracy 79.112 (73.671)  Top 5 Accuracy 85.691 (79.214)
Train Batch: [1700/1770]        Loss 1.4211 (1.9735)    Top 1 Accuracy 78.125 (73.824)  Top 5 Accuracy 85.691 (79.407)
Validation Batch: [0/380]       Loss 2.8765 (2.8765)    Top 1 Accuracy 59.926 (59.926)  Top 5 Accuracy 66.176 (66.176)
Validation Batch: [100/380]     Loss 2.5587 (2.9114)    Top 1 Accuracy 66.728 (61.861)  Top 5 Accuracy 73.346 (70.693)
Validation Batch: [200/380]     Loss 2.7971 (2.8885)    Top 1 Accuracy 65.441 (62.067)  Top 5 Accuracy 72.978 (70.866)
Validation Batch: [300/380]     Loss 2.3148 (2.8815)    Top 1 Accuracy 68.934 (62.241)  Top 5 Accuracy 77.022 (71.053)
Validation Epoch: 1     BLEU-2-cust (0.3983732696227222)        BLEU-1 (0.5679546260191422)     BLEU-2 (0.36457285334638706)    BLEU-3 (0.17307862054837622)  BLEU-4 (0.0843961124289107)
Saved model to model/model_epoch1.pth
Train Batch: [0/1770]   Loss 1.7444 (1.7444)    Top 1 Accuracy 75.000 (75.000)  Top 5 Accuracy 81.250 (81.250)
Train Batch: [100/1770] Loss 1.6471 (1.5986)    Top 1 Accuracy 73.684 (76.604)  Top 5 Accuracy 82.566 (82.835)
Train Batch: [200/1770] Loss 1.6672 (1.5825)    Top 1 Accuracy 75.987 (76.680)  Top 5 Accuracy 81.579 (83.026)
Train Batch: [300/1770] Loss 1.2943 (1.5810)    Top 1 Accuracy 81.086 (76.631)  Top 5 Accuracy 86.184 (83.029)
Train Batch: [400/1770] Loss 1.5679 (1.5767)    Top 1 Accuracy 75.822 (76.658)  Top 5 Accuracy 83.059 (83.097)
Train Batch: [500/1770] Loss 1.4040 (1.5688)    Top 1 Accuracy 79.605 (76.767)  Top 5 Accuracy 85.362 (83.211)
Train Batch: [600/1770] Loss 1.3789 (1.5620)    Top 1 Accuracy 78.783 (76.871)  Top 5 Accuracy 85.033 (83.317)
Train Batch: [700/1770] Loss 1.5938 (1.5569)    Top 1 Accuracy 76.809 (76.921)  Top 5 Accuracy 83.224 (83.398)
Train Batch: [800/1770] Loss 1.3651 (1.5509)    Top 1 Accuracy 78.618 (76.973)  Top 5 Accuracy 86.020 (83.488)
Train Batch: [900/1770] Loss 1.3894 (1.5486)    Top 1 Accuracy 79.441 (77.003)  Top 5 Accuracy 86.020 (83.533)
Train Batch: [1000/1770]        Loss 1.3948 (1.5442)    Top 1 Accuracy 78.783 (77.051)  Top 5 Accuracy 84.868 (83.589)
Train Batch: [1100/1770]        Loss 1.7650 (1.5398)    Top 1 Accuracy 72.533 (77.072)  Top 5 Accuracy 81.086 (83.640)
Train Batch: [1200/1770]        Loss 1.5506 (1.5371)    Top 1 Accuracy 75.164 (77.096)  Top 5 Accuracy 83.224 (83.674)
Train Batch: [1300/1770]        Loss 1.5125 (1.5342)    Top 1 Accuracy 77.303 (77.117)  Top 5 Accuracy 83.388 (83.725)
Train Batch: [1400/1770]        Loss 1.3643 (1.5301)    Top 1 Accuracy 80.263 (77.153)  Top 5 Accuracy 86.678 (83.782)
Train Batch: [1500/1770]        Loss 1.5024 (1.5266)    Top 1 Accuracy 77.303 (77.176)  Top 5 Accuracy 85.197 (83.832)
Train Batch: [1600/1770]        Loss 1.5248 (1.5224)    Top 1 Accuracy 77.303 (77.226)  Top 5 Accuracy 84.046 (83.898)
Train Batch: [1700/1770]        Loss 1.3211 (1.5189)    Top 1 Accuracy 81.908 (77.247)  Top 5 Accuracy 87.007 (83.940)
Validation Batch: [0/380]       Loss 2.5997 (2.5997)    Top 1 Accuracy 63.235 (63.235)  Top 5 Accuracy 68.382 (68.382)
Validation Batch: [100/380]     Loss 3.0884 (3.0911)    Top 1 Accuracy 63.051 (61.296)  Top 5 Accuracy 71.507 (69.530)
Validation Batch: [200/380]     Loss 2.9452 (3.0997)    Top 1 Accuracy 63.419 (61.266)  Top 5 Accuracy 72.426 (69.535)
Validation Batch: [300/380]     Loss 3.3511 (3.0801)    Top 1 Accuracy 60.294 (61.388)  Top 5 Accuracy 70.037 (69.659)
Validation Epoch: 2     BLEU-2-cust (0.4334441271270697)        BLEU-1 (0.5952033920763217)     BLEU-2 (0.4004055183623611)     BLEU-3 (0.2212916199257069)   BLEU-4 (0.12895640651131052)
Saved model to model/model_epoch2.pth
Train Batch: [0/1770]   Loss 1.5318 (1.5318)    Top 1 Accuracy 75.822 (75.822)  Top 5 Accuracy 82.895 (82.895)
Train Batch: [100/1770] Loss 1.3684 (1.4417)    Top 1 Accuracy 79.276 (77.732)  Top 5 Accuracy 86.842 (84.948)
Train Batch: [200/1770] Loss 1.5548 (1.4480)    Top 1 Accuracy 76.809 (77.750)  Top 5 Accuracy 81.908 (84.910)
Train Batch: [300/1770] Loss 1.2193 (1.4509)    Top 1 Accuracy 82.072 (77.722)  Top 5 Accuracy 87.993 (84.847)
Train Batch: [400/1770] Loss 1.7989 (1.4439)    Top 1 Accuracy 73.026 (77.842)  Top 5 Accuracy 81.250 (84.937)
Train Batch: [500/1770] Loss 1.3766 (1.4360)    Top 1 Accuracy 79.770 (77.952)  Top 5 Accuracy 87.336 (85.037)
Train Batch: [600/1770] Loss 1.3856 (1.4334)    Top 1 Accuracy 81.579 (78.012)  Top 5 Accuracy 85.197 (85.090)
Train Batch: [700/1770] Loss 1.3561 (1.4294)    Top 1 Accuracy 78.454 (78.036)  Top 5 Accuracy 86.513 (85.160)
Train Batch: [800/1770] Loss 1.4973 (1.4258)    Top 1 Accuracy 75.987 (78.089)  Top 5 Accuracy 83.553 (85.214)
Train Batch: [900/1770] Loss 1.4369 (1.4239)    Top 1 Accuracy 77.796 (78.086)  Top 5 Accuracy 85.691 (85.235)
Train Batch: [1000/1770]        Loss 1.1724 (1.4220)    Top 1 Accuracy 80.592 (78.086)  Top 5 Accuracy 88.816 (85.267)
Train Batch: [1100/1770]        Loss 1.4520 (1.4203)    Top 1 Accuracy 77.632 (78.099)  Top 5 Accuracy 85.197 (85.287)
Train Batch: [1200/1770]        Loss 1.3590 (1.4180)    Top 1 Accuracy 78.618 (78.105)  Top 5 Accuracy 86.678 (85.322)
Train Batch: [1300/1770]        Loss 1.4588 (1.4153)    Top 1 Accuracy 78.947 (78.138)  Top 5 Accuracy 85.362 (85.365)
Train Batch: [1400/1770]        Loss 1.2657 (1.4145)    Top 1 Accuracy 79.112 (78.146)  Top 5 Accuracy 87.171 (85.385)
Train Batch: [1500/1770]        Loss 1.3033 (1.4128)    Top 1 Accuracy 80.428 (78.160)  Top 5 Accuracy 86.842 (85.408)
Train Batch: [1600/1770]        Loss 1.4067 (1.4113)    Top 1 Accuracy 78.125 (78.177)  Top 5 Accuracy 86.020 (85.421)
Train Batch: [1700/1770]        Loss 1.4946 (1.4092)    Top 1 Accuracy 76.316 (78.196)  Top 5 Accuracy 84.375 (85.450)
Validation Batch: [0/380]       Loss 3.5802 (3.5802)    Top 1 Accuracy 54.779 (54.779)  Top 5 Accuracy 61.029 (61.029)
Validation Batch: [100/380]     Loss 3.9243 (3.6114)    Top 1 Accuracy 52.390 (55.173)  Top 5 Accuracy 59.743 (62.213)
Validation Batch: [200/380]     Loss 3.6364 (3.6220)    Top 1 Accuracy 51.654 (55.051)  Top 5 Accuracy 59.007 (62.084)
Validation Batch: [300/380]     Loss 3.1725 (3.6188)    Top 1 Accuracy 58.640 (54.926)  Top 5 Accuracy 63.235 (61.934)
Validation Epoch: 3     BLEU-2-cust (0.3817534698981239)        BLEU-1 (0.5083682008368201)     BLEU-2 (0.35537276983598953)    BLEU-3 (0.22341563033732123)  BLEU-4 (0.13975778462291372)
Saved model to model/model_epoch3.pth
Train Batch: [0/1770]   Loss 1.3616 (1.3616)    Top 1 Accuracy 77.467 (77.467)  Top 5 Accuracy 85.197 (85.197)
Train Batch: [100/1770] Loss 1.5013 (1.3863)    Top 1 Accuracy 75.987 (78.222)  Top 5 Accuracy 84.375 (85.751)
Train Batch: [200/1770] Loss 1.2161 (1.3591)    Top 1 Accuracy 80.592 (78.543)  Top 5 Accuracy 87.664 (86.119)
Train Batch: [300/1770] Loss 1.3450 (1.3617)    Top 1 Accuracy 78.783 (78.566)  Top 5 Accuracy 87.336 (86.064)
Train Batch: [400/1770] Loss 1.2513 (1.3632)    Top 1 Accuracy 80.428 (78.528)  Top 5 Accuracy 86.842 (86.015)
Train Batch: [500/1770] Loss 1.2798 (1.3581)    Top 1 Accuracy 80.428 (78.587)  Top 5 Accuracy 87.171 (86.092)
Train Batch: [600/1770] Loss 1.1833 (1.3546)    Top 1 Accuracy 81.086 (78.617)  Top 5 Accuracy 87.500 (86.125)
Train Batch: [700/1770] Loss 1.2729 (1.3505)    Top 1 Accuracy 79.112 (78.676)  Top 5 Accuracy 87.664 (86.194)
Train Batch: [800/1770] Loss 1.4167 (1.3515)    Top 1 Accuracy 77.632 (78.650)  Top 5 Accuracy 85.526 (86.187)
Train Batch: [900/1770] Loss 1.4660 (1.3486)    Top 1 Accuracy 78.454 (78.686)  Top 5 Accuracy 85.033 (86.237)
Train Batch: [1000/1770]        Loss 1.2428 (1.3487)    Top 1 Accuracy 80.592 (78.681)  Top 5 Accuracy 88.158 (86.242)
Train Batch: [1100/1770]        Loss 1.3814 (1.3473)    Top 1 Accuracy 78.454 (78.682)  Top 5 Accuracy 86.349 (86.262)
Train Batch: [1200/1770]        Loss 1.2356 (1.3452)    Top 1 Accuracy 80.263 (78.702)  Top 5 Accuracy 88.158 (86.287)
Train Batch: [1300/1770]        Loss 1.2554 (1.3419)    Top 1 Accuracy 80.757 (78.749)  Top 5 Accuracy 88.158 (86.326)
Train Batch: [1400/1770]        Loss 1.3948 (1.3412)    Top 1 Accuracy 77.467 (78.762)  Top 5 Accuracy 86.184 (86.339)
Train Batch: [1500/1770]        Loss 1.1122 (1.3409)    Top 1 Accuracy 81.579 (78.761)  Top 5 Accuracy 89.145 (86.344)
Train Batch: [1600/1770]        Loss 1.0366 (1.3410)    Top 1 Accuracy 83.553 (78.748)  Top 5 Accuracy 90.625 (86.344)
Train Batch: [1700/1770]        Loss 1.4993 (1.3396)    Top 1 Accuracy 76.316 (78.767)  Top 5 Accuracy 83.882 (86.358)
Validation Batch: [0/380]       Loss 3.4314 (3.4314)    Top 1 Accuracy 56.434 (56.434)  Top 5 Accuracy 60.110 (60.110)
Validation Batch: [100/380]     Loss 3.2363 (3.4204)    Top 1 Accuracy 63.603 (60.656)  Top 5 Accuracy 71.691 (67.404)
Validation Batch: [200/380]     Loss 3.7639 (3.4304)    Top 1 Accuracy 56.618 (60.632)  Top 5 Accuracy 64.522 (67.444)
Validation Batch: [300/380]     Loss 3.6267 (3.4141)    Top 1 Accuracy 62.132 (60.771)  Top 5 Accuracy 67.647 (67.546)
Validation Epoch: 4     BLEU-2-cust (0.46455184838956076)       BLEU-1 (0.6109601449275363)     BLEU-2 (0.4337999727185626)     BLEU-3 (0.27806134695017476)  BLEU-4 (0.17887785086355754)
Saved model to model/model_epoch4.pth
Train Batch: [0/1770]   Loss 1.4066 (1.4066)    Top 1 Accuracy 77.632 (77.632)  Top 5 Accuracy 84.375 (84.375)
Train Batch: [100/1770] Loss 1.2052 (1.3146)    Top 1 Accuracy 80.263 (79.014)  Top 5 Accuracy 87.500 (86.626)
Train Batch: [200/1770] Loss 1.0293 (1.3161)    Top 1 Accuracy 84.375 (78.909)  Top 5 Accuracy 90.132 (86.600)
Train Batch: [300/1770] Loss 1.3154 (1.3102)    Top 1 Accuracy 79.441 (78.983)  Top 5 Accuracy 86.513 (86.649)
Train Batch: [400/1770] Loss 1.3184 (1.3025)    Top 1 Accuracy 80.263 (79.086)  Top 5 Accuracy 86.513 (86.769)
Train Batch: [500/1770] Loss 1.1746 (1.2997)    Top 1 Accuracy 80.921 (79.112)  Top 5 Accuracy 88.980 (86.818)
Train Batch: [600/1770] Loss 1.2765 (1.2954)    Top 1 Accuracy 78.454 (79.154)  Top 5 Accuracy 87.007 (86.865)
Train Batch: [700/1770] Loss 1.2844 (1.2918)    Top 1 Accuracy 78.618 (79.209)  Top 5 Accuracy 86.513 (86.895)
Train Batch: [800/1770] Loss 1.1455 (1.2924)    Top 1 Accuracy 82.072 (79.171)  Top 5 Accuracy 88.158 (86.905)
Train Batch: [900/1770] Loss 1.2932 (1.2926)    Top 1 Accuracy 78.289 (79.168)  Top 5 Accuracy 87.993 (86.895)
Train Batch: [1000/1770]        Loss 1.4631 (1.2923)    Top 1 Accuracy 78.125 (79.186)  Top 5 Accuracy 84.375 (86.900)
Train Batch: [1100/1770]        Loss 1.1605 (1.2906)    Top 1 Accuracy 81.414 (79.218)  Top 5 Accuracy 89.145 (86.930)
Train Batch: [1200/1770]        Loss 1.1021 (1.2903)    Top 1 Accuracy 82.072 (79.237)  Top 5 Accuracy 88.980 (86.931)
Train Batch: [1300/1770]        Loss 1.1128 (1.2881)    Top 1 Accuracy 83.224 (79.254)  Top 5 Accuracy 89.145 (86.961)
Train Batch: [1400/1770]        Loss 1.1618 (1.2870)    Top 1 Accuracy 80.099 (79.267)  Top 5 Accuracy 88.651 (86.979)
Train Batch: [1500/1770]        Loss 1.1318 (1.2871)    Top 1 Accuracy 82.730 (79.258)  Top 5 Accuracy 88.651 (86.985)
Train Batch: [1600/1770]        Loss 1.0897 (1.2864)    Top 1 Accuracy 82.237 (79.254)  Top 5 Accuracy 90.296 (86.996)
Train Batch: [1700/1770]        Loss 1.5274 (1.2869)    Top 1 Accuracy 74.507 (79.242)  Top 5 Accuracy 83.717 (86.993)
Validation Batch: [0/380]       Loss 3.5025 (3.5025)    Top 1 Accuracy 57.904 (57.904)  Top 5 Accuracy 64.706 (64.706)
Validation Batch: [100/380]     Loss 3.8697 (3.7684)    Top 1 Accuracy 59.191 (57.583)  Top 5 Accuracy 64.154 (63.516)
Validation Batch: [200/380]     Loss 3.5414 (3.7555)    Top 1 Accuracy 59.375 (57.485)  Top 5 Accuracy 65.993 (63.456)
Validation Batch: [300/380]     Loss 3.8117 (3.7742)    Top 1 Accuracy 59.191 (57.101)  Top 5 Accuracy 64.522 (63.091)
Validation Epoch: 5     BLEU-2-cust (0.4219304002601717)        BLEU-1 (0.5518134715025906)     BLEU-2 (0.3945508172724226)     BLEU-3 (0.2590019425311356)   BLEU-4 (0.16851907629981486)
Saved model to model/model_epoch5.pth
Train Batch: [0/1770]   Loss 1.4091 (1.4091)    Top 1 Accuracy 75.987 (75.987)  Top 5 Accuracy 85.691 (85.691)
Train Batch: [100/1770] Loss 1.3388 (1.2809)    Top 1 Accuracy 78.125 (78.972)  Top 5 Accuracy 87.500 (87.000)
Train Batch: [200/1770] Loss 1.3953 (1.2732)    Top 1 Accuracy 75.658 (79.208)  Top 5 Accuracy 86.020 (87.122)
Train Batch: [300/1770] Loss 1.4507 (1.2686)    Top 1 Accuracy 75.987 (79.304)  Top 5 Accuracy 84.375 (87.172)
Train Batch: [400/1770] Loss 1.0504 (1.2626)    Top 1 Accuracy 83.224 (79.412)  Top 5 Accuracy 90.132 (87.296)
Train Batch: [500/1770] Loss 1.2422 (1.2624)    Top 1 Accuracy 79.605 (79.373)  Top 5 Accuracy 87.993 (87.283)
Train Batch: [600/1770] Loss 1.3817 (1.2601)    Top 1 Accuracy 76.974 (79.421)  Top 5 Accuracy 85.691 (87.309)
Train Batch: [700/1770] Loss 1.1982 (1.2554)    Top 1 Accuracy 80.263 (79.478)  Top 5 Accuracy 87.829 (87.358)
Train Batch: [800/1770] Loss 1.1280 (1.2512)    Top 1 Accuracy 80.757 (79.530)  Top 5 Accuracy 87.993 (87.420)
Train Batch: [900/1770] Loss 1.4353 (1.2514)    Top 1 Accuracy 77.138 (79.531)  Top 5 Accuracy 84.211 (87.419)
Train Batch: [1000/1770]        Loss 1.4480 (1.2510)    Top 1 Accuracy 78.125 (79.513)  Top 5 Accuracy 84.046 (87.429)
Train Batch: [1100/1770]        Loss 0.9835 (1.2486)    Top 1 Accuracy 84.046 (79.555)  Top 5 Accuracy 89.967 (87.464)
Train Batch: [1200/1770]        Loss 1.4437 (1.2478)    Top 1 Accuracy 76.480 (79.564)  Top 5 Accuracy 84.375 (87.470)
Train Batch: [1300/1770]        Loss 1.0748 (1.2470)    Top 1 Accuracy 81.908 (79.577)  Top 5 Accuracy 89.474 (87.479)
Train Batch: [1400/1770]        Loss 1.1210 (1.2469)    Top 1 Accuracy 82.895 (79.585)  Top 5 Accuracy 88.816 (87.477)
Train Batch: [1500/1770]        Loss 1.3156 (1.2458)    Top 1 Accuracy 79.112 (79.600)  Top 5 Accuracy 85.691 (87.494)
Train Batch: [1600/1770]        Loss 1.2731 (1.2456)    Top 1 Accuracy 78.947 (79.605)  Top 5 Accuracy 86.513 (87.492)
Train Batch: [1700/1770]        Loss 1.2101 (1.2444)    Top 1 Accuracy 80.099 (79.625)  Top 5 Accuracy 88.651 (87.513)
Validation Batch: [0/380]       Loss 4.0591 (4.0591)    Top 1 Accuracy 56.434 (56.434)  Top 5 Accuracy 65.074 (65.074)
Validation Batch: [100/380]     Loss 3.6953 (3.7513)    Top 1 Accuracy 60.110 (59.256)  Top 5 Accuracy 67.647 (65.344)
Validation Batch: [200/380]     Loss 3.6798 (3.7321)    Top 1 Accuracy 57.169 (59.243)  Top 5 Accuracy 63.971 (65.331)
Validation Batch: [300/380]     Loss 3.2564 (3.7514)    Top 1 Accuracy 62.316 (59.060)  Top 5 Accuracy 68.199 (65.130)
Validation Epoch: 6     BLEU-2-cust (0.44833162964011025)       BLEU-1 (0.5827604758204316)     BLEU-2 (0.4198814630278404)     BLEU-3 (0.2794303027259895)   BLEU-4 (0.18401440724143533)
Saved model to model/model_epoch6.pth
Train Batch: [0/1770]   Loss 1.0492 (1.0492)    Top 1 Accuracy 82.895 (82.895)  Top 5 Accuracy 89.145 (89.145)
Train Batch: [100/1770] Loss 1.1933 (1.2240)    Top 1 Accuracy 79.770 (79.929)  Top 5 Accuracy 87.829 (87.685)
Train Batch: [200/1770] Loss 1.1878 (1.2129)    Top 1 Accuracy 78.454 (80.104)  Top 5 Accuracy 88.651 (87.849)
Train Batch: [300/1770] Loss 0.9621 (1.2099)    Top 1 Accuracy 84.704 (80.084)  Top 5 Accuracy 91.776 (87.916)
Train Batch: [400/1770] Loss 1.2678 (1.2113)    Top 1 Accuracy 78.454 (80.045)  Top 5 Accuracy 87.829 (87.925)
Train Batch: [500/1770] Loss 1.2166 (1.2099)    Top 1 Accuracy 78.783 (80.023)  Top 5 Accuracy 88.651 (87.943)
Train Batch: [600/1770] Loss 1.2774 (1.2087)    Top 1 Accuracy 80.263 (80.042)  Top 5 Accuracy 86.678 (87.962)
Train Batch: [700/1770] Loss 1.0863 (1.2133)    Top 1 Accuracy 80.263 (79.974)  Top 5 Accuracy 89.638 (87.901)
Train Batch: [800/1770] Loss 1.3814 (1.2125)    Top 1 Accuracy 78.125 (79.964)  Top 5 Accuracy 85.691 (87.918)
Train Batch: [900/1770] Loss 1.3680 (1.2122)    Top 1 Accuracy 76.480 (79.955)  Top 5 Accuracy 85.691 (87.928)
Train Batch: [1000/1770]        Loss 1.1308 (1.2097)    Top 1 Accuracy 80.592 (79.986)  Top 5 Accuracy 88.322 (87.964)
Train Batch: [1100/1770]        Loss 1.1229 (1.2106)    Top 1 Accuracy 82.237 (79.958)  Top 5 Accuracy 89.638 (87.962)
Train Batch: [1200/1770]        Loss 1.3911 (1.2108)    Top 1 Accuracy 77.961 (79.952)  Top 5 Accuracy 85.855 (87.956)
Train Batch: [1300/1770]        Loss 0.9987 (1.2111)    Top 1 Accuracy 84.046 (79.936)  Top 5 Accuracy 92.434 (87.946)
Train Batch: [1400/1770]        Loss 1.0153 (1.2120)    Top 1 Accuracy 83.553 (79.916)  Top 5 Accuracy 90.461 (87.939)
Train Batch: [1500/1770]        Loss 1.3135 (1.2128)    Top 1 Accuracy 78.289 (79.893)  Top 5 Accuracy 86.349 (87.924)
Train Batch: [1600/1770]        Loss 1.2087 (1.2126)    Top 1 Accuracy 79.934 (79.891)  Top 5 Accuracy 87.829 (87.925)
Train Batch: [1700/1770]        Loss 1.3056 (1.2117)    Top 1 Accuracy 80.263 (79.901)  Top 5 Accuracy 86.842 (87.935)
Validation Batch: [0/380]       Loss 3.6556 (3.6556)    Top 1 Accuracy 60.846 (60.846)  Top 5 Accuracy 66.176 (66.176)
Validation Batch: [100/380]     Loss 3.3611 (3.8980)    Top 1 Accuracy 64.706 (59.282)  Top 5 Accuracy 72.978 (65.338)
Validation Batch: [200/380]     Loss 4.9007 (3.9095)    Top 1 Accuracy 50.000 (59.012)  Top 5 Accuracy 55.515 (65.057)
Validation Batch: [300/380]     Loss 3.0463 (3.9300)    Top 1 Accuracy 66.912 (58.832)  Top 5 Accuracy 71.691 (64.885)
Validation Epoch: 7     BLEU-2-cust (0.45664575324157136)       BLEU-1 (0.5896846056056662)     BLEU-2 (0.4283702791667758)     BLEU-3 (0.28709932776996416)  BLEU-4 (0.19021610260448166)
Saved model to model/model_epoch7.pth
Train Batch: [0/1770]   Loss 1.2086 (1.2086)    Top 1 Accuracy 79.770 (79.770)  Top 5 Accuracy 88.158 (88.158)
Train Batch: [100/1770] Loss 0.8954 (1.1810)    Top 1 Accuracy 84.211 (80.116)  Top 5 Accuracy 92.434 (88.376)
Train Batch: [200/1770] Loss 1.4842 (1.1837)    Top 1 Accuracy 75.164 (80.109)  Top 5 Accuracy 83.553 (88.285)
Train Batch: [300/1770] Loss 1.1932 (1.1863)    Top 1 Accuracy 80.099 (80.074)  Top 5 Accuracy 87.829 (88.256)
Train Batch: [400/1770] Loss 1.1039 (1.1881)    Top 1 Accuracy 81.250 (80.047)  Top 5 Accuracy 89.309 (88.195)
Train Batch: [500/1770] Loss 1.3189 (1.1861)    Top 1 Accuracy 78.783 (80.082)  Top 5 Accuracy 87.500 (88.247)
Train Batch: [600/1770] Loss 1.1106 (1.1866)    Top 1 Accuracy 81.908 (80.065)  Top 5 Accuracy 90.132 (88.248)
Train Batch: [700/1770] Loss 1.0812 (1.1836)    Top 1 Accuracy 82.072 (80.118)  Top 5 Accuracy 90.789 (88.279)
Train Batch: [800/1770] Loss 1.3328 (1.1830)    Top 1 Accuracy 77.961 (80.119)  Top 5 Accuracy 85.691 (88.285)
Train Batch: [900/1770] Loss 1.0883 (1.1843)    Top 1 Accuracy 80.757 (80.106)  Top 5 Accuracy 89.967 (88.257)
Train Batch: [1000/1770]        Loss 1.2365 (1.1863)    Top 1 Accuracy 79.441 (80.069)  Top 5 Accuracy 87.336 (88.233)
Train Batch: [1100/1770]        Loss 1.1813 (1.1862)    Top 1 Accuracy 80.263 (80.075)  Top 5 Accuracy 87.993 (88.234)
Train Batch: [1200/1770]        Loss 1.0835 (1.1848)    Top 1 Accuracy 83.882 (80.105)  Top 5 Accuracy 89.474 (88.256)
Train Batch: [1300/1770]        Loss 1.2947 (1.1852)    Top 1 Accuracy 79.605 (80.102)  Top 5 Accuracy 87.171 (88.244)
Train Batch: [1400/1770]        Loss 0.9469 (1.1825)    Top 1 Accuracy 84.704 (80.140)  Top 5 Accuracy 90.625 (88.284)
Train Batch: [1500/1770]        Loss 1.2028 (1.1817)    Top 1 Accuracy 79.605 (80.159)  Top 5 Accuracy 86.513 (88.297)
Train Batch: [1600/1770]        Loss 1.1078 (1.1812)    Top 1 Accuracy 81.908 (80.171)  Top 5 Accuracy 89.145 (88.310)
Train Batch: [1700/1770]        Loss 1.0229 (1.1811)    Top 1 Accuracy 83.553 (80.167)  Top 5 Accuracy 89.967 (88.314)
Validation Batch: [0/380]       Loss 4.3601 (4.3601)    Top 1 Accuracy 56.801 (56.801)  Top 5 Accuracy 61.397 (61.397)
Validation Batch: [100/380]     Loss 3.7813 (4.1114)    Top 1 Accuracy 63.235 (58.435)  Top 5 Accuracy 67.279 (64.344)
Validation Batch: [200/380]     Loss 4.2944 (4.1282)    Top 1 Accuracy 54.779 (58.207)  Top 5 Accuracy 59.007 (64.110)
Validation Batch: [300/380]     Loss 4.3620 (4.0999)    Top 1 Accuracy 56.434 (58.440)  Top 5 Accuracy 62.500 (64.287)
Validation Epoch: 8     BLEU-2-cust (0.4473875255667947)        BLEU-1 (0.5796311818943839)     BLEU-2 (0.41934059107944516)    BLEU-3 (0.2803378157621519)   BLEU-4 (0.18514029189356865)
Saved model to model/model_epoch8.pth
Train Batch: [0/1770]   Loss 1.1539 (1.1539)    Top 1 Accuracy 80.099 (80.099)  Top 5 Accuracy 88.487 (88.487)
Train Batch: [100/1770] Loss 1.0894 (1.1747)    Top 1 Accuracy 81.908 (80.244)  Top 5 Accuracy 88.651 (88.379)
Train Batch: [200/1770] Loss 1.0481 (1.1743)    Top 1 Accuracy 82.895 (80.176)  Top 5 Accuracy 89.803 (88.390)
Train Batch: [300/1770] Loss 1.0089 (1.1665)    Top 1 Accuracy 83.224 (80.315)  Top 5 Accuracy 89.638 (88.484)
Train Batch: [400/1770] Loss 1.2158 (1.1595)    Top 1 Accuracy 78.125 (80.420)  Top 5 Accuracy 88.158 (88.579)
Train Batch: [500/1770] Loss 1.0561 (1.1546)    Top 1 Accuracy 81.908 (80.468)  Top 5 Accuracy 88.816 (88.643)
Train Batch: [600/1770] Loss 1.0641 (1.1589)    Top 1 Accuracy 82.401 (80.357)  Top 5 Accuracy 89.474 (88.589)
Train Batch: [700/1770] Loss 1.1947 (1.1570)    Top 1 Accuracy 79.441 (80.379)  Top 5 Accuracy 88.651 (88.609)
Train Batch: [800/1770] Loss 1.0647 (1.1558)    Top 1 Accuracy 81.086 (80.406)  Top 5 Accuracy 92.105 (88.625)
Train Batch: [900/1770] Loss 0.9013 (1.1538)    Top 1 Accuracy 84.046 (80.427)  Top 5 Accuracy 91.612 (88.652)
Train Batch: [1000/1770]        Loss 1.3220 (1.1547)    Top 1 Accuracy 78.783 (80.425)  Top 5 Accuracy 86.513 (88.649)
Train Batch: [1100/1770]        Loss 1.1770 (1.1547)    Top 1 Accuracy 78.947 (80.405)  Top 5 Accuracy 87.500 (88.644)
Train Batch: [1200/1770]        Loss 1.1396 (1.1554)    Top 1 Accuracy 80.921 (80.395)  Top 5 Accuracy 89.145 (88.631)
Train Batch: [1300/1770]        Loss 1.2091 (1.1566)    Top 1 Accuracy 79.934 (80.382)  Top 5 Accuracy 87.993 (88.616)
Train Batch: [1400/1770]        Loss 0.9897 (1.1565)    Top 1 Accuracy 83.553 (80.396)  Top 5 Accuracy 91.447 (88.621)
Train Batch: [1500/1770]        Loss 0.9105 (1.1559)    Top 1 Accuracy 85.033 (80.400)  Top 5 Accuracy 92.105 (88.632)
Train Batch: [1600/1770]        Loss 1.3275 (1.1566)    Top 1 Accuracy 78.947 (80.399)  Top 5 Accuracy 87.007 (88.630)
Train Batch: [1700/1770]        Loss 1.0297 (1.1561)    Top 1 Accuracy 81.908 (80.414)  Top 5 Accuracy 90.625 (88.638)
Validation Batch: [0/380]       Loss 6.2588 (6.2588)    Top 1 Accuracy 47.243 (47.243)  Top 5 Accuracy 53.676 (53.676)
Validation Batch: [100/380]     Loss 3.5111 (4.3284)    Top 1 Accuracy 66.360 (57.259)  Top 5 Accuracy 72.794 (63.119)
Validation Batch: [200/380]     Loss 5.1624 (4.4243)    Top 1 Accuracy 50.000 (56.446)  Top 5 Accuracy 55.147 (62.274)
Validation Batch: [300/380]     Loss 5.1363 (4.4218)    Top 1 Accuracy 52.022 (56.411)  Top 5 Accuracy 56.618 (62.280)
Validation Epoch: 9     BLEU-2-cust (0.43022580977643976)       BLEU-1 (0.5554117911791179)     BLEU-2 (0.4036145390129644)     BLEU-3 (0.272646738808523)    BLEU-4 (0.18119109476786663)
Saved model to model/model_epoch9.pth
Train Batch: [0/1770]   Loss 1.0289 (1.0289)    Top 1 Accuracy 82.730 (82.730)  Top 5 Accuracy 90.461 (90.461)
Train Batch: [100/1770] Loss 1.1582 (1.1365)    Top 1 Accuracy 79.276 (80.562)  Top 5 Accuracy 88.980 (88.773)
Train Batch: [200/1770] Loss 1.0699 (1.1391)    Top 1 Accuracy 81.908 (80.528)  Top 5 Accuracy 89.967 (88.820)
Train Batch: [300/1770] Loss 1.0883 (1.1424)    Top 1 Accuracy 80.757 (80.463)  Top 5 Accuracy 89.638 (88.752)
Train Batch: [400/1770] Loss 0.8861 (1.1394)    Top 1 Accuracy 84.539 (80.517)  Top 5 Accuracy 92.105 (88.819)
Train Batch: [500/1770] Loss 1.2157 (1.1382)    Top 1 Accuracy 79.934 (80.541)  Top 5 Accuracy 87.500 (88.818)
Train Batch: [600/1770] Loss 1.1532 (1.1375)    Top 1 Accuracy 79.441 (80.569)  Top 5 Accuracy 89.638 (88.832)
Train Batch: [700/1770] Loss 0.9885 (1.1382)    Top 1 Accuracy 84.046 (80.558)  Top 5 Accuracy 90.296 (88.832)
Train Batch: [800/1770] Loss 1.0288 (1.1393)    Top 1 Accuracy 82.401 (80.521)  Top 5 Accuracy 89.145 (88.813)
Train Batch: [900/1770] Loss 1.1976 (1.1382)    Top 1 Accuracy 79.276 (80.528)  Top 5 Accuracy 87.829 (88.824)
Train Batch: [1000/1770]        Loss 1.1515 (1.1383)    Top 1 Accuracy 80.428 (80.529)  Top 5 Accuracy 87.993 (88.826)
Train Batch: [1100/1770]        Loss 1.0299 (1.1379)    Top 1 Accuracy 83.717 (80.541)  Top 5 Accuracy 90.625 (88.846)
Train Batch: [1200/1770]        Loss 1.2845 (1.1372)    Top 1 Accuracy 77.138 (80.571)  Top 5 Accuracy 87.007 (88.867)
Train Batch: [1300/1770]        Loss 1.4312 (1.1370)    Top 1 Accuracy 76.645 (80.582)  Top 5 Accuracy 85.033 (88.861)
Train Batch: [1400/1770]        Loss 1.1345 (1.1375)    Top 1 Accuracy 78.947 (80.575)  Top 5 Accuracy 89.967 (88.856)
Train Batch: [1500/1770]        Loss 1.2648 (1.1358)    Top 1 Accuracy 79.276 (80.605)  Top 5 Accuracy 87.500 (88.875)
Train Batch: [1600/1770]        Loss 1.0684 (1.1342)    Top 1 Accuracy 82.072 (80.636)  Top 5 Accuracy 89.474 (88.905)
Train Batch: [1700/1770]        Loss 1.1305 (1.1341)    Top 1 Accuracy 81.086 (80.635)  Top 5 Accuracy 87.993 (88.907)
Validation Batch: [0/380]       Loss 5.1885 (5.1885)    Top 1 Accuracy 50.551 (50.551)  Top 5 Accuracy 56.066 (56.066)
Validation Batch: [100/380]     Loss 4.6626 (4.3305)    Top 1 Accuracy 57.721 (58.861)  Top 5 Accuracy 63.787 (64.884)
Validation Batch: [200/380]     Loss 4.0257 (4.4291)    Top 1 Accuracy 65.625 (58.152)  Top 5 Accuracy 73.346 (64.053)
Validation Batch: [300/380]     Loss 3.7462 (4.4225)    Top 1 Accuracy 60.662 (58.062)  Top 5 Accuracy 66.544 (63.924)
Validation Epoch: 10    BLEU-2-cust (0.4567888841025141)        BLEU-1 (0.5876575350570972)     BLEU-2 (0.42890719463299126)    BLEU-3 (0.29208699175905506)  BLEU-4 (0.1951375666897233)
Saved model to model/model_epoch10.pth